11:00:25.060 [main] INFO  c.f.fastEasyApplication - [logStarting,53] - Starting fastEasyApplication using Java 21.0.8 with PID 13636 (C:\Users\MSI\Desktop\pakege-take\springboot\target\classes started by 花菜菜 in C:\Users\MSI\Desktop\pakege-take)
11:00:25.065 [main] INFO  c.f.fastEasyApplication - [logStartupProfileInfo,658] - The following 1 profile is active: "druid"
11:00:26.535 [main] INFO  o.a.c.h.Http11NioProtocol - [log,168] - Initializing ProtocolHandler ["http-nio-8080"]
11:00:26.537 [main] INFO  o.a.c.c.StandardService - [log,168] - Starting service [Tomcat]
11:00:26.537 [main] INFO  o.a.c.c.StandardEngine - [log,168] - Starting Servlet engine: [Apache Tomcat/10.1.50]
11:00:26.587 [main] INFO  o.a.c.c.C.[.[.[/] - [log,168] - Initializing Spring embedded WebApplicationContext
11:00:26.705 [main] INFO  c.a.d.s.b.a.DruidDataSourceAutoConfigure - [dataSource,68] - Init DruidDataSource
11:00:26.776 [main] INFO  c.a.d.p.DruidDataSource - [init,1002] - {dataSource-1} inited
11:00:27.773 [main] INFO  o.a.c.h.Http11NioProtocol - [log,168] - Starting ProtocolHandler ["http-nio-8080"]
11:00:27.805 [main] INFO  c.f.fastEasyApplication - [logStarted,59] - Started fastEasyApplication in 3.199 seconds (process running for 5.332)
11:00:53.550 [http-nio-8080-exec-1] INFO  o.a.c.c.C.[.[.[/] - [log,168] - Initializing Spring DispatcherServlet 'dispatcherServlet'
11:16:58.084 [SpringApplicationShutdownHook] INFO  c.a.d.p.DruidDataSource - [close,2204] - {dataSource-1} closing ...
11:16:58.088 [SpringApplicationShutdownHook] INFO  c.a.d.p.DruidDataSource - [close,2277] - {dataSource-1} closed
11:17:01.503 [main] INFO  c.f.fastEasyApplication - [logStarting,53] - Starting fastEasyApplication using Java 21.0.8 with PID 14408 (C:\Users\MSI\Desktop\pakege-take\springboot\target\classes started by 花菜菜 in C:\Users\MSI\Desktop\pakege-take)
11:17:01.506 [main] INFO  c.f.fastEasyApplication - [logStartupProfileInfo,658] - The following 1 profile is active: "druid"
11:17:02.511 [main] INFO  o.a.c.h.Http11NioProtocol - [log,168] - Initializing ProtocolHandler ["http-nio-8080"]
11:17:02.512 [main] INFO  o.a.c.c.StandardService - [log,168] - Starting service [Tomcat]
11:17:02.512 [main] INFO  o.a.c.c.StandardEngine - [log,168] - Starting Servlet engine: [Apache Tomcat/10.1.50]
11:17:02.551 [main] INFO  o.a.c.c.C.[.[.[/] - [log,168] - Initializing Spring embedded WebApplicationContext
11:17:02.654 [main] INFO  c.a.d.s.b.a.DruidDataSourceAutoConfigure - [dataSource,68] - Init DruidDataSource
11:17:02.714 [main] INFO  c.a.d.p.DruidDataSource - [init,1002] - {dataSource-1} inited
11:17:03.550 [main] INFO  o.a.c.h.Http11NioProtocol - [log,168] - Starting ProtocolHandler ["http-nio-8080"]
11:17:03.577 [main] INFO  c.f.fastEasyApplication - [logStarted,59] - Started fastEasyApplication in 2.428 seconds (process running for 3.2)
11:17:36.517 [http-nio-8080-exec-1] INFO  o.a.c.c.C.[.[.[/] - [log,168] - Initializing Spring DispatcherServlet 'dispatcherServlet'
11:29:33.379 [SpringApplicationShutdownHook] INFO  c.a.d.p.DruidDataSource - [close,2204] - {dataSource-1} closing ...
11:29:33.382 [SpringApplicationShutdownHook] INFO  c.a.d.p.DruidDataSource - [close,2277] - {dataSource-1} closed
11:29:35.407 [main] INFO  c.f.fastEasyApplication - [logStarting,53] - Starting fastEasyApplication using Java 21.0.8 with PID 5380 (C:\Users\MSI\Desktop\pakege-take\springboot\target\classes started by 花菜菜 in C:\Users\MSI\Desktop\pakege-take)
11:29:35.410 [main] INFO  c.f.fastEasyApplication - [logStartupProfileInfo,658] - The following 1 profile is active: "druid"
11:29:36.380 [main] INFO  o.a.c.h.Http11NioProtocol - [log,168] - Initializing ProtocolHandler ["http-nio-8080"]
11:29:36.382 [main] INFO  o.a.c.c.StandardService - [log,168] - Starting service [Tomcat]
11:29:36.382 [main] INFO  o.a.c.c.StandardEngine - [log,168] - Starting Servlet engine: [Apache Tomcat/10.1.50]
11:29:36.423 [main] INFO  o.a.c.c.C.[.[.[/] - [log,168] - Initializing Spring embedded WebApplicationContext
11:29:36.533 [main] INFO  c.a.d.s.b.a.DruidDataSourceAutoConfigure - [dataSource,68] - Init DruidDataSource
11:29:36.596 [main] INFO  c.a.d.p.DruidDataSource - [init,1002] - {dataSource-1} inited
11:29:37.402 [main] INFO  o.a.c.h.Http11NioProtocol - [log,168] - Starting ProtocolHandler ["http-nio-8080"]
11:29:37.429 [main] INFO  c.f.fastEasyApplication - [logStarted,59] - Started fastEasyApplication in 2.383 seconds (process running for 3.183)
11:29:40.561 [http-nio-8080-exec-1] INFO  o.a.c.c.C.[.[.[/] - [log,168] - Initializing Spring DispatcherServlet 'dispatcherServlet'
11:58:00.819 [SpringApplicationShutdownHook] INFO  c.a.d.p.DruidDataSource - [close,2204] - {dataSource-1} closing ...
11:58:00.822 [SpringApplicationShutdownHook] INFO  c.a.d.p.DruidDataSource - [close,2277] - {dataSource-1} closed
11:58:05.937 [main] INFO  c.f.fastEasyApplication - [logStarting,53] - Starting fastEasyApplication using Java 21.0.8 with PID 8172 (C:\Users\MSI\Desktop\pakege-take\springboot\target\classes started by 花菜菜 in C:\Users\MSI\Desktop\pakege-take)
11:58:05.939 [main] INFO  c.f.fastEasyApplication - [logStartupProfileInfo,658] - The following 1 profile is active: "druid"
11:58:07.313 [main] INFO  o.a.c.h.Http11NioProtocol - [log,168] - Initializing ProtocolHandler ["http-nio-8080"]
11:58:07.314 [main] INFO  o.a.c.c.StandardService - [log,168] - Starting service [Tomcat]
11:58:07.315 [main] INFO  o.a.c.c.StandardEngine - [log,168] - Starting Servlet engine: [Apache Tomcat/10.1.50]
11:58:07.354 [main] INFO  o.a.c.c.C.[.[.[/] - [log,168] - Initializing Spring embedded WebApplicationContext
11:58:07.460 [main] INFO  c.a.d.s.b.a.DruidDataSourceAutoConfigure - [dataSource,68] - Init DruidDataSource
11:58:07.532 [main] INFO  c.a.d.p.DruidDataSource - [init,1002] - {dataSource-1} inited
11:58:08.366 [main] INFO  o.a.c.h.Http11NioProtocol - [log,168] - Starting ProtocolHandler ["http-nio-8080"]
11:58:08.392 [main] INFO  c.f.fastEasyApplication - [logStarted,59] - Started fastEasyApplication in 2.805 seconds (process running for 3.931)
11:58:49.768 [http-nio-8080-exec-1] INFO  o.a.c.c.C.[.[.[/] - [log,168] - Initializing Spring DispatcherServlet 'dispatcherServlet'
14:17:42.048 [SpringApplicationShutdownHook] INFO  c.a.d.p.DruidDataSource - [close,2204] - {dataSource-1} closing ...
14:17:42.050 [SpringApplicationShutdownHook] INFO  c.a.d.p.DruidDataSource - [close,2277] - {dataSource-1} closed
14:17:45.516 [main] INFO  c.f.fastEasyApplication - [logStarting,53] - Starting fastEasyApplication using Java 21.0.8 with PID 5012 (C:\Users\MSI\Desktop\pakege-take\springboot\target\classes started by 花菜菜 in C:\Users\MSI\Desktop\pakege-take)
14:17:45.518 [main] INFO  c.f.fastEasyApplication - [logStartupProfileInfo,658] - The following 1 profile is active: "druid"
14:17:46.529 [main] INFO  o.a.c.h.Http11NioProtocol - [log,168] - Initializing ProtocolHandler ["http-nio-8080"]
14:17:46.531 [main] INFO  o.a.c.c.StandardService - [log,168] - Starting service [Tomcat]
14:17:46.531 [main] INFO  o.a.c.c.StandardEngine - [log,168] - Starting Servlet engine: [Apache Tomcat/10.1.50]
14:17:46.577 [main] INFO  o.a.c.c.C.[.[.[/] - [log,168] - Initializing Spring embedded WebApplicationContext
14:17:46.677 [main] INFO  c.a.d.s.b.a.DruidDataSourceAutoConfigure - [dataSource,68] - Init DruidDataSource
14:17:46.735 [main] INFO  c.a.d.p.DruidDataSource - [init,1002] - {dataSource-1} inited
14:17:47.586 [main] INFO  o.a.c.h.Http11NioProtocol - [log,168] - Starting ProtocolHandler ["http-nio-8080"]
14:17:47.612 [main] INFO  c.f.fastEasyApplication - [logStarted,59] - Started fastEasyApplication in 2.471 seconds (process running for 3.298)
14:17:53.775 [http-nio-8080-exec-1] INFO  o.a.c.c.C.[.[.[/] - [log,168] - Initializing Spring DispatcherServlet 'dispatcherServlet'
14:23:28.590 [SpringApplicationShutdownHook] INFO  c.a.d.p.DruidDataSource - [close,2204] - {dataSource-1} closing ...
14:23:28.593 [SpringApplicationShutdownHook] INFO  c.a.d.p.DruidDataSource - [close,2277] - {dataSource-1} closed
14:23:30.572 [main] INFO  c.f.fastEasyApplication - [logStarting,53] - Starting fastEasyApplication using Java 21.0.8 with PID 17700 (C:\Users\MSI\Desktop\pakege-take\springboot\target\classes started by 花菜菜 in C:\Users\MSI\Desktop\pakege-take)
14:23:30.574 [main] INFO  c.f.fastEasyApplication - [logStartupProfileInfo,658] - The following 1 profile is active: "druid"
14:23:31.534 [main] INFO  o.a.c.h.Http11NioProtocol - [log,168] - Initializing ProtocolHandler ["http-nio-8080"]
14:23:31.536 [main] INFO  o.a.c.c.StandardService - [log,168] - Starting service [Tomcat]
14:23:31.536 [main] INFO  o.a.c.c.StandardEngine - [log,168] - Starting Servlet engine: [Apache Tomcat/10.1.50]
14:23:31.576 [main] INFO  o.a.c.c.C.[.[.[/] - [log,168] - Initializing Spring embedded WebApplicationContext
14:23:31.687 [main] INFO  c.a.d.s.b.a.DruidDataSourceAutoConfigure - [dataSource,68] - Init DruidDataSource
14:23:31.747 [main] INFO  c.a.d.p.DruidDataSource - [init,1002] - {dataSource-1} inited
14:23:32.616 [main] INFO  o.a.c.h.Http11NioProtocol - [log,168] - Starting ProtocolHandler ["http-nio-8080"]
14:23:32.646 [main] INFO  c.f.fastEasyApplication - [logStarted,59] - Started fastEasyApplication in 2.435 seconds (process running for 3.221)
14:23:36.075 [http-nio-8080-exec-1] INFO  o.a.c.c.C.[.[.[/] - [log,168] - Initializing Spring DispatcherServlet 'dispatcherServlet'
15:02:56.927 [SpringApplicationShutdownHook] INFO  c.a.d.p.DruidDataSource - [close,2204] - {dataSource-1} closing ...
15:02:56.930 [SpringApplicationShutdownHook] INFO  c.a.d.p.DruidDataSource - [close,2277] - {dataSource-1} closed
15:03:00.658 [main] INFO  c.f.fastEasyApplication - [logStarting,53] - Starting fastEasyApplication using Java 21.0.8 with PID 19996 (C:\Users\MSI\Desktop\pakege-take\springboot\target\classes started by 花菜菜 in C:\Users\MSI\Desktop\pakege-take)
15:03:00.660 [main] INFO  c.f.fastEasyApplication - [logStartupProfileInfo,658] - The following 1 profile is active: "druid"
15:03:01.708 [main] INFO  o.a.c.h.Http11NioProtocol - [log,168] - Initializing ProtocolHandler ["http-nio-8080"]
15:03:01.710 [main] INFO  o.a.c.c.StandardService - [log,168] - Starting service [Tomcat]
15:03:01.710 [main] INFO  o.a.c.c.StandardEngine - [log,168] - Starting Servlet engine: [Apache Tomcat/10.1.50]
15:03:01.757 [main] INFO  o.a.c.c.C.[.[.[/] - [log,168] - Initializing Spring embedded WebApplicationContext
15:03:01.872 [main] INFO  c.a.d.s.b.a.DruidDataSourceAutoConfigure - [dataSource,68] - Init DruidDataSource
15:03:01.936 [main] INFO  c.a.d.p.DruidDataSource - [init,1002] - {dataSource-1} inited
15:03:02.795 [main] INFO  o.a.c.h.Http11NioProtocol - [log,168] - Starting ProtocolHandler ["http-nio-8080"]
15:03:02.822 [main] INFO  c.f.fastEasyApplication - [logStarted,59] - Started fastEasyApplication in 2.585 seconds (process running for 3.645)
15:03:52.412 [http-nio-8080-exec-1] INFO  o.a.c.c.C.[.[.[/] - [log,168] - Initializing Spring DispatcherServlet 'dispatcherServlet'
15:07:10.951 [SpringApplicationShutdownHook] INFO  c.a.d.p.DruidDataSource - [close,2204] - {dataSource-1} closing ...
15:07:10.954 [SpringApplicationShutdownHook] INFO  c.a.d.p.DruidDataSource - [close,2277] - {dataSource-1} closed
15:07:12.957 [main] INFO  c.f.fastEasyApplication - [logStarting,53] - Starting fastEasyApplication using Java 21.0.8 with PID 13728 (C:\Users\MSI\Desktop\pakege-take\springboot\target\classes started by 花菜菜 in C:\Users\MSI\Desktop\pakege-take)
15:07:12.959 [main] INFO  c.f.fastEasyApplication - [logStartupProfileInfo,658] - The following 1 profile is active: "druid"
15:07:13.916 [main] INFO  o.a.c.h.Http11NioProtocol - [log,168] - Initializing ProtocolHandler ["http-nio-8080"]
15:07:13.917 [main] INFO  o.a.c.c.StandardService - [log,168] - Starting service [Tomcat]
15:07:13.918 [main] INFO  o.a.c.c.StandardEngine - [log,168] - Starting Servlet engine: [Apache Tomcat/10.1.50]
15:07:13.957 [main] INFO  o.a.c.c.C.[.[.[/] - [log,168] - Initializing Spring embedded WebApplicationContext
15:07:14.067 [main] INFO  c.a.d.s.b.a.DruidDataSourceAutoConfigure - [dataSource,68] - Init DruidDataSource
15:07:14.129 [main] INFO  c.a.d.p.DruidDataSource - [init,1002] - {dataSource-1} inited
15:07:14.967 [main] INFO  o.a.c.h.Http11NioProtocol - [log,168] - Starting ProtocolHandler ["http-nio-8080"]
15:07:14.999 [main] INFO  c.f.fastEasyApplication - [logStarted,59] - Started fastEasyApplication in 2.399 seconds (process running for 3.215)
15:07:24.390 [http-nio-8080-exec-1] INFO  o.a.c.c.C.[.[.[/] - [log,168] - Initializing Spring DispatcherServlet 'dispatcherServlet'
15:46:26.712 [SpringApplicationShutdownHook] INFO  c.a.d.p.DruidDataSource - [close,2204] - {dataSource-1} closing ...
15:46:26.716 [SpringApplicationShutdownHook] INFO  c.a.d.p.DruidDataSource - [close,2277] - {dataSource-1} closed
