10:00:24.938 [main] INFO  c.f.fastEasyApplication - [logStarting,53] - Starting fastEasyApplication using Java 21.0.8 with PID 8840 (C:\Users\MSI\Desktop\pakege-take\springboot\target\classes started by 花菜菜 in C:\Users\MSI\Desktop\pakege-take)
10:00:24.945 [main] INFO  c.f.fastEasyApplication - [logStartupProfileInfo,658] - The following 1 profile is active: "druid"
10:00:26.371 [main] INFO  o.a.c.h.Http11NioProtocol - [log,168] - Initializing ProtocolHandler ["http-nio-8080"]
10:00:26.374 [main] INFO  o.a.c.c.StandardService - [log,168] - Starting service [Tomcat]
10:00:26.374 [main] INFO  o.a.c.c.StandardEngine - [log,168] - Starting Servlet engine: [Apache Tomcat/10.1.50]
10:00:26.420 [main] INFO  o.a.c.c.C.[.[.[/] - [log,168] - Initializing Spring embedded WebApplicationContext
10:00:26.525 [main] INFO  c.a.d.s.b.a.DruidDataSourceAutoConfigure - [dataSource,68] - Init DruidDataSource
10:00:26.594 [main] INFO  c.a.d.p.DruidDataSource - [init,1002] - {dataSource-1} inited
10:00:27.459 [main] INFO  o.a.c.h.Http11NioProtocol - [log,168] - Starting ProtocolHandler ["http-nio-8080"]
10:00:27.489 [main] INFO  c.f.fastEasyApplication - [logStarted,59] - Started fastEasyApplication in 2.917 seconds (process running for 5.34)
10:01:00.669 [http-nio-8080-exec-1] INFO  o.a.c.c.C.[.[.[/] - [log,168] - Initializing Spring DispatcherServlet 'dispatcherServlet'
10:57:48.960 [SpringApplicationShutdownHook] INFO  c.a.d.p.DruidDataSource - [close,2204] - {dataSource-1} closing ...
10:57:48.964 [SpringApplicationShutdownHook] INFO  c.a.d.p.DruidDataSource - [close,2277] - {dataSource-1} closed
10:57:54.356 [main] INFO  c.f.fastEasyApplication - [logStarting,53] - Starting fastEasyApplication using Java 21.0.8 with PID 22020 (C:\Users\MSI\Desktop\pakege-take\springboot\target\classes started by 花菜菜 in C:\Users\MSI\Desktop\pakege-take)
10:57:54.358 [main] INFO  c.f.fastEasyApplication - [logStartupProfileInfo,658] - The following 1 profile is active: "druid"
10:57:55.725 [main] INFO  o.a.c.h.Http11NioProtocol - [log,168] - Initializing ProtocolHandler ["http-nio-8080"]
10:57:55.726 [main] INFO  o.a.c.c.StandardService - [log,168] - Starting service [Tomcat]
10:57:55.727 [main] INFO  o.a.c.c.StandardEngine - [log,168] - Starting Servlet engine: [Apache Tomcat/10.1.50]
10:57:55.765 [main] INFO  o.a.c.c.C.[.[.[/] - [log,168] - Initializing Spring embedded WebApplicationContext
10:57:55.877 [main] INFO  c.a.d.s.b.a.DruidDataSourceAutoConfigure - [dataSource,68] - Init DruidDataSource
10:57:55.952 [main] INFO  c.a.d.p.DruidDataSource - [init,1002] - {dataSource-1} inited
10:57:56.825 [main] INFO  o.a.c.h.Http11NioProtocol - [log,168] - Starting ProtocolHandler ["http-nio-8080"]
10:57:56.854 [main] INFO  c.f.fastEasyApplication - [logStarted,59] - Started fastEasyApplication in 2.856 seconds (process running for 3.904)
10:58:08.351 [http-nio-8080-exec-1] INFO  o.a.c.c.C.[.[.[/] - [log,168] - Initializing Spring DispatcherServlet 'dispatcherServlet'
11:08:37.584 [SpringApplicationShutdownHook] INFO  c.a.d.p.DruidDataSource - [close,2204] - {dataSource-1} closing ...
11:08:37.587 [SpringApplicationShutdownHook] INFO  c.a.d.p.DruidDataSource - [close,2277] - {dataSource-1} closed
11:08:40.941 [main] INFO  c.f.fastEasyApplication - [logStarting,53] - Starting fastEasyApplication using Java 21.0.8 with PID 21776 (C:\Users\MSI\Desktop\pakege-take\springboot\target\classes started by 花菜菜 in C:\Users\MSI\Desktop\pakege-take)
11:08:40.943 [main] INFO  c.f.fastEasyApplication - [logStartupProfileInfo,658] - The following 1 profile is active: "druid"
11:08:41.911 [main] INFO  o.a.c.h.Http11NioProtocol - [log,168] - Initializing ProtocolHandler ["http-nio-8080"]
11:08:41.912 [main] INFO  o.a.c.c.StandardService - [log,168] - Starting service [Tomcat]
11:08:41.913 [main] INFO  o.a.c.c.StandardEngine - [log,168] - Starting Servlet engine: [Apache Tomcat/10.1.50]
11:08:41.952 [main] INFO  o.a.c.c.C.[.[.[/] - [log,168] - Initializing Spring embedded WebApplicationContext
11:08:42.062 [main] INFO  c.a.d.s.b.a.DruidDataSourceAutoConfigure - [dataSource,68] - Init DruidDataSource
11:08:42.122 [main] INFO  c.a.d.p.DruidDataSource - [init,1002] - {dataSource-1} inited
11:08:42.957 [main] INFO  o.a.c.h.Http11NioProtocol - [log,168] - Starting ProtocolHandler ["http-nio-8080"]
11:08:42.986 [main] INFO  c.f.fastEasyApplication - [logStarted,59] - Started fastEasyApplication in 2.402 seconds (process running for 3.174)
11:09:04.073 [http-nio-8080-exec-1] INFO  o.a.c.c.C.[.[.[/] - [log,168] - Initializing Spring DispatcherServlet 'dispatcherServlet'
11:11:32.807 [SpringApplicationShutdownHook] INFO  c.a.d.p.DruidDataSource - [close,2204] - {dataSource-1} closing ...
11:11:32.810 [SpringApplicationShutdownHook] INFO  c.a.d.p.DruidDataSource - [close,2277] - {dataSource-1} closed
11:11:34.844 [main] INFO  c.f.fastEasyApplication - [logStarting,53] - Starting fastEasyApplication using Java 21.0.8 with PID 3932 (C:\Users\MSI\Desktop\pakege-take\springboot\target\classes started by 花菜菜 in C:\Users\MSI\Desktop\pakege-take)
11:11:34.847 [main] INFO  c.f.fastEasyApplication - [logStartupProfileInfo,658] - The following 1 profile is active: "druid"
11:11:35.790 [main] INFO  o.a.c.h.Http11NioProtocol - [log,168] - Initializing ProtocolHandler ["http-nio-8080"]
11:11:35.791 [main] INFO  o.a.c.c.StandardService - [log,168] - Starting service [Tomcat]
11:11:35.792 [main] INFO  o.a.c.c.StandardEngine - [log,168] - Starting Servlet engine: [Apache Tomcat/10.1.50]
11:11:35.830 [main] INFO  o.a.c.c.C.[.[.[/] - [log,168] - Initializing Spring embedded WebApplicationContext
11:11:35.938 [main] INFO  c.a.d.s.b.a.DruidDataSourceAutoConfigure - [dataSource,68] - Init DruidDataSource
11:11:35.997 [main] INFO  c.a.d.p.DruidDataSource - [init,1002] - {dataSource-1} inited
11:11:36.838 [main] INFO  o.a.c.h.Http11NioProtocol - [log,168] - Starting ProtocolHandler ["http-nio-8080"]
11:11:36.864 [main] INFO  c.f.fastEasyApplication - [logStarted,59] - Started fastEasyApplication in 2.377 seconds (process running for 3.192)
11:12:25.050 [http-nio-8080-exec-1] INFO  o.a.c.c.C.[.[.[/] - [log,168] - Initializing Spring DispatcherServlet 'dispatcherServlet'
11:18:29.043 [SpringApplicationShutdownHook] INFO  c.a.d.p.DruidDataSource - [close,2204] - {dataSource-1} closing ...
11:18:29.046 [SpringApplicationShutdownHook] INFO  c.a.d.p.DruidDataSource - [close,2277] - {dataSource-1} closed
11:18:31.215 [main] INFO  c.f.fastEasyApplication - [logStarting,53] - Starting fastEasyApplication using Java 21.0.8 with PID 22452 (C:\Users\MSI\Desktop\pakege-take\springboot\target\classes started by 花菜菜 in C:\Users\MSI\Desktop\pakege-take)
11:18:31.217 [main] INFO  c.f.fastEasyApplication - [logStartupProfileInfo,658] - The following 1 profile is active: "druid"
11:18:32.284 [main] INFO  o.a.c.h.Http11NioProtocol - [log,168] - Initializing ProtocolHandler ["http-nio-8080"]
11:18:32.286 [main] INFO  o.a.c.c.StandardService - [log,168] - Starting service [Tomcat]
11:18:32.286 [main] INFO  o.a.c.c.StandardEngine - [log,168] - Starting Servlet engine: [Apache Tomcat/10.1.50]
11:18:32.330 [main] INFO  o.a.c.c.C.[.[.[/] - [log,168] - Initializing Spring embedded WebApplicationContext
11:18:32.434 [main] INFO  c.a.d.s.b.a.DruidDataSourceAutoConfigure - [dataSource,68] - Init DruidDataSource
11:18:32.499 [main] INFO  c.a.d.p.DruidDataSource - [init,1002] - {dataSource-1} inited
11:18:33.401 [main] INFO  o.a.c.h.Http11NioProtocol - [log,168] - Starting ProtocolHandler ["http-nio-8080"]
11:18:33.438 [main] INFO  c.f.fastEasyApplication - [logStarted,59] - Started fastEasyApplication in 2.599 seconds (process running for 3.518)
11:19:55.367 [http-nio-8080-exec-1] INFO  o.a.c.c.C.[.[.[/] - [log,168] - Initializing Spring DispatcherServlet 'dispatcherServlet'
14:20:00.102 [main] INFO  c.f.fastEasyApplication - [logStarting,53] - Starting fastEasyApplication using Java 21.0.8 with PID 24440 (C:\Users\MSI\Desktop\pakege-take\springboot\target\classes started by 花菜菜 in C:\Users\MSI\Desktop\pakege-take)
14:20:00.105 [main] INFO  c.f.fastEasyApplication - [logStartupProfileInfo,658] - The following 1 profile is active: "druid"
14:20:01.119 [main] INFO  o.a.c.h.Http11NioProtocol - [log,168] - Initializing ProtocolHandler ["http-nio-8080"]
14:20:01.121 [main] INFO  o.a.c.c.StandardService - [log,168] - Starting service [Tomcat]
14:20:01.121 [main] INFO  o.a.c.c.StandardEngine - [log,168] - Starting Servlet engine: [Apache Tomcat/10.1.50]
14:20:01.165 [main] INFO  o.a.c.c.C.[.[.[/] - [log,168] - Initializing Spring embedded WebApplicationContext
14:20:01.277 [main] INFO  c.a.d.s.b.a.DruidDataSourceAutoConfigure - [dataSource,68] - Init DruidDataSource
14:20:01.343 [main] INFO  c.a.d.p.DruidDataSource - [init,1002] - {dataSource-1} inited
14:20:02.232 [main] INFO  c.a.d.p.DruidDataSource - [close,2204] - {dataSource-1} closing ...
14:20:02.233 [main] INFO  c.a.d.p.DruidDataSource - [close,2277] - {dataSource-1} closed
14:20:03.681 [SpringApplicationShutdownHook] INFO  c.a.d.p.DruidDataSource - [close,2204] - {dataSource-1} closing ...
14:20:03.684 [SpringApplicationShutdownHook] INFO  c.a.d.p.DruidDataSource - [close,2277] - {dataSource-1} closed
14:20:07.386 [main] INFO  c.f.fastEasyApplication - [logStarting,53] - Starting fastEasyApplication using Java 21.0.8 with PID 5080 (C:\Users\MSI\Desktop\pakege-take\springboot\target\classes started by 花菜菜 in C:\Users\MSI\Desktop\pakege-take)
14:20:07.388 [main] INFO  c.f.fastEasyApplication - [logStartupProfileInfo,658] - The following 1 profile is active: "druid"
14:20:08.352 [main] INFO  o.a.c.h.Http11NioProtocol - [log,168] - Initializing ProtocolHandler ["http-nio-8080"]
14:20:08.354 [main] INFO  o.a.c.c.StandardService - [log,168] - Starting service [Tomcat]
14:20:08.354 [main] INFO  o.a.c.c.StandardEngine - [log,168] - Starting Servlet engine: [Apache Tomcat/10.1.50]
14:20:08.393 [main] INFO  o.a.c.c.C.[.[.[/] - [log,168] - Initializing Spring embedded WebApplicationContext
14:20:08.502 [main] INFO  c.a.d.s.b.a.DruidDataSourceAutoConfigure - [dataSource,68] - Init DruidDataSource
14:20:08.561 [main] INFO  c.a.d.p.DruidDataSource - [init,1002] - {dataSource-1} inited
14:20:09.416 [main] INFO  o.a.c.h.Http11NioProtocol - [log,168] - Starting ProtocolHandler ["http-nio-8080"]
14:20:09.441 [main] INFO  c.f.fastEasyApplication - [logStarted,59] - Started fastEasyApplication in 2.416 seconds (process running for 3.18)
14:20:58.292 [http-nio-8080-exec-1] INFO  o.a.c.c.C.[.[.[/] - [log,168] - Initializing Spring DispatcherServlet 'dispatcherServlet'
15:10:31.176 [SpringApplicationShutdownHook] INFO  c.a.d.p.DruidDataSource - [close,2204] - {dataSource-1} closing ...
15:10:31.179 [SpringApplicationShutdownHook] INFO  c.a.d.p.DruidDataSource - [close,2277] - {dataSource-1} closed
15:10:34.685 [main] INFO  c.f.fastEasyApplication - [logStarting,53] - Starting fastEasyApplication using Java 21.0.8 with PID 21684 (C:\Users\MSI\Desktop\pakege-take\springboot\target\classes started by 花菜菜 in C:\Users\MSI\Desktop\pakege-take)
15:10:34.687 [main] INFO  c.f.fastEasyApplication - [logStartupProfileInfo,658] - The following 1 profile is active: "druid"
15:10:35.729 [main] INFO  o.a.c.h.Http11NioProtocol - [log,168] - Initializing ProtocolHandler ["http-nio-8080"]
15:10:35.730 [main] INFO  o.a.c.c.StandardService - [log,168] - Starting service [Tomcat]
15:10:35.731 [main] INFO  o.a.c.c.StandardEngine - [log,168] - Starting Servlet engine: [Apache Tomcat/10.1.50]
15:10:35.769 [main] INFO  o.a.c.c.C.[.[.[/] - [log,168] - Initializing Spring embedded WebApplicationContext
15:10:35.882 [main] INFO  c.a.d.s.b.a.DruidDataSourceAutoConfigure - [dataSource,68] - Init DruidDataSource
15:10:35.942 [main] INFO  c.a.d.p.DruidDataSource - [init,1002] - {dataSource-1} inited
15:10:36.796 [main] INFO  o.a.c.h.Http11NioProtocol - [log,168] - Starting ProtocolHandler ["http-nio-8080"]
15:10:36.823 [main] INFO  c.f.fastEasyApplication - [logStarted,59] - Started fastEasyApplication in 2.506 seconds (process running for 3.307)
15:11:06.127 [http-nio-8080-exec-1] INFO  o.a.c.c.C.[.[.[/] - [log,168] - Initializing Spring DispatcherServlet 'dispatcherServlet'
16:45:28.098 [SpringApplicationShutdownHook] INFO  c.a.d.p.DruidDataSource - [close,2204] - {dataSource-1} closing ...
16:45:28.101 [SpringApplicationShutdownHook] INFO  c.a.d.p.DruidDataSource - [close,2277] - {dataSource-1} closed
16:45:31.652 [main] INFO  c.f.fastEasyApplication - [logStarting,53] - Starting fastEasyApplication using Java 21.0.8 with PID 14064 (C:\Users\MSI\Desktop\pakege-take\springboot\target\classes started by 花菜菜 in C:\Users\MSI\Desktop\pakege-take)
16:45:31.654 [main] INFO  c.f.fastEasyApplication - [logStartupProfileInfo,658] - The following 1 profile is active: "druid"
16:45:32.698 [main] INFO  o.a.c.h.Http11NioProtocol - [log,168] - Initializing ProtocolHandler ["http-nio-8080"]
16:45:32.699 [main] INFO  o.a.c.c.StandardService - [log,168] - Starting service [Tomcat]
16:45:32.700 [main] INFO  o.a.c.c.StandardEngine - [log,168] - Starting Servlet engine: [Apache Tomcat/10.1.50]
16:45:32.749 [main] INFO  o.a.c.c.C.[.[.[/] - [log,168] - Initializing Spring embedded WebApplicationContext
16:45:32.883 [main] INFO  c.a.d.s.b.a.DruidDataSourceAutoConfigure - [dataSource,68] - Init DruidDataSource
16:45:32.947 [main] INFO  c.a.d.p.DruidDataSource - [init,1002] - {dataSource-1} inited
16:45:33.806 [main] INFO  o.a.c.h.Http11NioProtocol - [log,168] - Starting ProtocolHandler ["http-nio-8080"]
16:45:33.833 [main] INFO  c.f.fastEasyApplication - [logStarted,59] - Started fastEasyApplication in 2.575 seconds (process running for 3.364)
16:45:46.891 [http-nio-8080-exec-1] INFO  o.a.c.c.C.[.[.[/] - [log,168] - Initializing Spring DispatcherServlet 'dispatcherServlet'
16:51:50.452 [SpringApplicationShutdownHook] INFO  c.a.d.p.DruidDataSource - [close,2204] - {dataSource-1} closing ...
16:51:50.453 [SpringApplicationShutdownHook] INFO  c.a.d.p.DruidDataSource - [close,2277] - {dataSource-1} closed
16:51:53.862 [main] INFO  c.f.fastEasyApplication - [logStarting,53] - Starting fastEasyApplication using Java 21.0.8 with PID 24968 (C:\Users\MSI\Desktop\pakege-take\springboot\target\classes started by 花菜菜 in C:\Users\MSI\Desktop\pakege-take)
16:51:53.864 [main] INFO  c.f.fastEasyApplication - [logStartupProfileInfo,658] - The following 1 profile is active: "druid"
16:51:54.837 [main] INFO  o.a.c.h.Http11NioProtocol - [log,168] - Initializing ProtocolHandler ["http-nio-8080"]
16:51:54.839 [main] INFO  o.a.c.c.StandardService - [log,168] - Starting service [Tomcat]
16:51:54.839 [main] INFO  o.a.c.c.StandardEngine - [log,168] - Starting Servlet engine: [Apache Tomcat/10.1.50]
16:51:54.878 [main] INFO  o.a.c.c.C.[.[.[/] - [log,168] - Initializing Spring embedded WebApplicationContext
16:51:54.988 [main] INFO  c.a.d.s.b.a.DruidDataSourceAutoConfigure - [dataSource,68] - Init DruidDataSource
16:51:55.049 [main] INFO  c.a.d.p.DruidDataSource - [init,1002] - {dataSource-1} inited
16:51:55.902 [main] INFO  o.a.c.h.Http11NioProtocol - [log,168] - Starting ProtocolHandler ["http-nio-8080"]
16:51:55.929 [main] INFO  c.f.fastEasyApplication - [logStarted,59] - Started fastEasyApplication in 2.428 seconds (process running for 3.198)
16:51:59.464 [http-nio-8080-exec-1] INFO  o.a.c.c.C.[.[.[/] - [log,168] - Initializing Spring DispatcherServlet 'dispatcherServlet'
16:53:08.792 [SpringApplicationShutdownHook] INFO  c.a.d.p.DruidDataSource - [close,2204] - {dataSource-1} closing ...
16:53:08.794 [SpringApplicationShutdownHook] INFO  c.a.d.p.DruidDataSource - [close,2277] - {dataSource-1} closed
16:53:11.976 [main] INFO  c.f.fastEasyApplication - [logStarting,53] - Starting fastEasyApplication using Java 21.0.8 with PID 25328 (C:\Users\MSI\Desktop\pakege-take\springboot\target\classes started by 花菜菜 in C:\Users\MSI\Desktop\pakege-take)
16:53:11.978 [main] INFO  c.f.fastEasyApplication - [logStartupProfileInfo,658] - The following 1 profile is active: "druid"
16:53:12.961 [main] INFO  o.a.c.h.Http11NioProtocol - [log,168] - Initializing ProtocolHandler ["http-nio-8080"]
16:53:12.963 [main] INFO  o.a.c.c.StandardService - [log,168] - Starting service [Tomcat]
16:53:12.963 [main] INFO  o.a.c.c.StandardEngine - [log,168] - Starting Servlet engine: [Apache Tomcat/10.1.50]
16:53:13.001 [main] INFO  o.a.c.c.C.[.[.[/] - [log,168] - Initializing Spring embedded WebApplicationContext
16:53:13.120 [main] INFO  c.a.d.s.b.a.DruidDataSourceAutoConfigure - [dataSource,68] - Init DruidDataSource
16:53:13.179 [main] INFO  c.a.d.p.DruidDataSource - [init,1002] - {dataSource-1} inited
16:53:14.123 [main] INFO  o.a.c.h.Http11NioProtocol - [log,168] - Starting ProtocolHandler ["http-nio-8080"]
16:53:14.152 [main] INFO  c.f.fastEasyApplication - [logStarted,59] - Started fastEasyApplication in 2.535 seconds (process running for 3.304)
16:53:15.373 [SpringApplicationShutdownHook] INFO  c.a.d.p.DruidDataSource - [close,2204] - {dataSource-1} closing ...
16:53:15.374 [SpringApplicationShutdownHook] INFO  c.a.d.p.DruidDataSource - [close,2277] - {dataSource-1} closed
16:53:18.316 [main] INFO  c.f.fastEasyApplication - [logStarting,53] - Starting fastEasyApplication using Java 21.0.8 with PID 20992 (C:\Users\MSI\Desktop\pakege-take\springboot\target\classes started by 花菜菜 in C:\Users\MSI\Desktop\pakege-take)
16:53:18.318 [main] INFO  c.f.fastEasyApplication - [logStartupProfileInfo,658] - The following 1 profile is active: "druid"
16:53:19.282 [main] INFO  o.a.c.h.Http11NioProtocol - [log,168] - Initializing ProtocolHandler ["http-nio-8080"]
16:53:19.283 [main] INFO  o.a.c.c.StandardService - [log,168] - Starting service [Tomcat]
16:53:19.284 [main] INFO  o.a.c.c.StandardEngine - [log,168] - Starting Servlet engine: [Apache Tomcat/10.1.50]
16:53:19.323 [main] INFO  o.a.c.c.C.[.[.[/] - [log,168] - Initializing Spring embedded WebApplicationContext
16:53:19.433 [main] INFO  c.a.d.s.b.a.DruidDataSourceAutoConfigure - [dataSource,68] - Init DruidDataSource
16:53:19.494 [main] INFO  c.a.d.p.DruidDataSource - [init,1002] - {dataSource-1} inited
16:53:20.348 [main] INFO  o.a.c.h.Http11NioProtocol - [log,168] - Starting ProtocolHandler ["http-nio-8080"]
16:53:20.374 [main] INFO  c.f.fastEasyApplication - [logStarted,59] - Started fastEasyApplication in 2.41 seconds (process running for 3.157)
16:53:25.403 [http-nio-8080-exec-1] INFO  o.a.c.c.C.[.[.[/] - [log,168] - Initializing Spring DispatcherServlet 'dispatcherServlet'
16:54:20.819 [SpringApplicationShutdownHook] INFO  c.a.d.p.DruidDataSource - [close,2204] - {dataSource-1} closing ...
16:54:20.822 [SpringApplicationShutdownHook] INFO  c.a.d.p.DruidDataSource - [close,2277] - {dataSource-1} closed
16:54:23.976 [main] INFO  c.f.fastEasyApplication - [logStarting,53] - Starting fastEasyApplication using Java 21.0.8 with PID 20528 (C:\Users\MSI\Desktop\pakege-take\springboot\target\classes started by 花菜菜 in C:\Users\MSI\Desktop\pakege-take)
16:54:23.979 [main] INFO  c.f.fastEasyApplication - [logStartupProfileInfo,658] - The following 1 profile is active: "druid"
16:54:24.938 [main] INFO  o.a.c.h.Http11NioProtocol - [log,168] - Initializing ProtocolHandler ["http-nio-8080"]
16:54:24.939 [main] INFO  o.a.c.c.StandardService - [log,168] - Starting service [Tomcat]
16:54:24.939 [main] INFO  o.a.c.c.StandardEngine - [log,168] - Starting Servlet engine: [Apache Tomcat/10.1.50]
16:54:24.981 [main] INFO  o.a.c.c.C.[.[.[/] - [log,168] - Initializing Spring embedded WebApplicationContext
16:54:25.095 [main] INFO  c.a.d.s.b.a.DruidDataSourceAutoConfigure - [dataSource,68] - Init DruidDataSource
16:54:25.156 [main] INFO  c.a.d.p.DruidDataSource - [init,1002] - {dataSource-1} inited
16:54:25.983 [main] INFO  o.a.c.h.Http11NioProtocol - [log,168] - Starting ProtocolHandler ["http-nio-8080"]
16:54:26.009 [main] INFO  c.f.fastEasyApplication - [logStarted,59] - Started fastEasyApplication in 2.392 seconds (process running for 3.138)
16:54:28.481 [http-nio-8080-exec-1] INFO  o.a.c.c.C.[.[.[/] - [log,168] - Initializing Spring DispatcherServlet 'dispatcherServlet'
16:54:46.294 [SpringApplicationShutdownHook] INFO  c.a.d.p.DruidDataSource - [close,2204] - {dataSource-1} closing ...
16:54:46.297 [SpringApplicationShutdownHook] INFO  c.a.d.p.DruidDataSource - [close,2277] - {dataSource-1} closed
16:54:48.263 [main] INFO  c.f.fastEasyApplication - [logStarting,53] - Starting fastEasyApplication using Java 21.0.8 with PID 17088 (C:\Users\MSI\Desktop\pakege-take\springboot\target\classes started by 花菜菜 in C:\Users\MSI\Desktop\pakege-take)
16:54:48.265 [main] INFO  c.f.fastEasyApplication - [logStartupProfileInfo,658] - The following 1 profile is active: "druid"
16:54:49.228 [main] INFO  o.a.c.h.Http11NioProtocol - [log,168] - Initializing ProtocolHandler ["http-nio-8080"]
16:54:49.230 [main] INFO  o.a.c.c.StandardService - [log,168] - Starting service [Tomcat]
16:54:49.230 [main] INFO  o.a.c.c.StandardEngine - [log,168] - Starting Servlet engine: [Apache Tomcat/10.1.50]
16:54:49.269 [main] INFO  o.a.c.c.C.[.[.[/] - [log,168] - Initializing Spring embedded WebApplicationContext
16:54:49.378 [main] INFO  c.a.d.s.b.a.DruidDataSourceAutoConfigure - [dataSource,68] - Init DruidDataSource
16:54:49.440 [main] INFO  c.a.d.p.DruidDataSource - [init,1002] - {dataSource-1} inited
16:54:50.277 [main] INFO  o.a.c.h.Http11NioProtocol - [log,168] - Starting ProtocolHandler ["http-nio-8080"]
16:54:50.307 [main] INFO  c.f.fastEasyApplication - [logStarted,59] - Started fastEasyApplication in 2.4 seconds (process running for 3.191)
16:54:52.223 [http-nio-8080-exec-1] INFO  o.a.c.c.C.[.[.[/] - [log,168] - Initializing Spring DispatcherServlet 'dispatcherServlet'
16:55:13.738 [SpringApplicationShutdownHook] INFO  c.a.d.p.DruidDataSource - [close,2204] - {dataSource-1} closing ...
16:55:13.740 [SpringApplicationShutdownHook] INFO  c.a.d.p.DruidDataSource - [close,2277] - {dataSource-1} closed
16:55:16.897 [main] INFO  c.f.fastEasyApplication - [logStarting,53] - Starting fastEasyApplication using Java 21.0.8 with PID 21204 (C:\Users\MSI\Desktop\pakege-take\springboot\target\classes started by 花菜菜 in C:\Users\MSI\Desktop\pakege-take)
16:55:16.900 [main] INFO  c.f.fastEasyApplication - [logStartupProfileInfo,658] - The following 1 profile is active: "druid"
16:55:17.876 [main] INFO  o.a.c.h.Http11NioProtocol - [log,168] - Initializing ProtocolHandler ["http-nio-8080"]
16:55:17.878 [main] INFO  o.a.c.c.StandardService - [log,168] - Starting service [Tomcat]
16:55:17.878 [main] INFO  o.a.c.c.StandardEngine - [log,168] - Starting Servlet engine: [Apache Tomcat/10.1.50]
16:55:17.919 [main] INFO  o.a.c.c.C.[.[.[/] - [log,168] - Initializing Spring embedded WebApplicationContext
16:55:18.032 [main] INFO  c.a.d.s.b.a.DruidDataSourceAutoConfigure - [dataSource,68] - Init DruidDataSource
16:55:18.091 [main] INFO  c.a.d.p.DruidDataSource - [init,1002] - {dataSource-1} inited
16:55:18.941 [main] INFO  o.a.c.h.Http11NioProtocol - [log,168] - Starting ProtocolHandler ["http-nio-8080"]
16:55:18.971 [main] INFO  c.f.fastEasyApplication - [logStarted,59] - Started fastEasyApplication in 2.424 seconds (process running for 3.182)
16:55:22.200 [http-nio-8080-exec-1] INFO  o.a.c.c.C.[.[.[/] - [log,168] - Initializing Spring DispatcherServlet 'dispatcherServlet'
16:55:50.068 [SpringApplicationShutdownHook] INFO  c.a.d.p.DruidDataSource - [close,2204] - {dataSource-1} closing ...
16:55:50.071 [SpringApplicationShutdownHook] INFO  c.a.d.p.DruidDataSource - [close,2277] - {dataSource-1} closed
16:55:53.216 [main] INFO  c.f.fastEasyApplication - [logStarting,53] - Starting fastEasyApplication using Java 21.0.8 with PID 24744 (C:\Users\MSI\Desktop\pakege-take\springboot\target\classes started by 花菜菜 in C:\Users\MSI\Desktop\pakege-take)
16:55:53.218 [main] INFO  c.f.fastEasyApplication - [logStartupProfileInfo,658] - The following 1 profile is active: "druid"
16:55:54.204 [main] INFO  o.a.c.h.Http11NioProtocol - [log,168] - Initializing ProtocolHandler ["http-nio-8080"]
16:55:54.205 [main] INFO  o.a.c.c.StandardService - [log,168] - Starting service [Tomcat]
16:55:54.205 [main] INFO  o.a.c.c.StandardEngine - [log,168] - Starting Servlet engine: [Apache Tomcat/10.1.50]
16:55:54.244 [main] INFO  o.a.c.c.C.[.[.[/] - [log,168] - Initializing Spring embedded WebApplicationContext
16:55:54.346 [main] INFO  c.a.d.s.b.a.DruidDataSourceAutoConfigure - [dataSource,68] - Init DruidDataSource
16:55:54.411 [main] INFO  c.a.d.p.DruidDataSource - [init,1002] - {dataSource-1} inited
16:55:55.318 [main] INFO  o.a.c.h.Http11NioProtocol - [log,168] - Starting ProtocolHandler ["http-nio-8080"]
16:55:55.343 [main] INFO  c.f.fastEasyApplication - [logStarted,59] - Started fastEasyApplication in 2.481 seconds (process running for 3.222)
16:55:58.077 [http-nio-8080-exec-1] INFO  o.a.c.c.C.[.[.[/] - [log,168] - Initializing Spring DispatcherServlet 'dispatcherServlet'
16:57:21.135 [SpringApplicationShutdownHook] INFO  c.a.d.p.DruidDataSource - [close,2204] - {dataSource-1} closing ...
16:57:21.139 [SpringApplicationShutdownHook] INFO  c.a.d.p.DruidDataSource - [close,2277] - {dataSource-1} closed
16:57:24.375 [main] INFO  c.f.fastEasyApplication - [logStarting,53] - Starting fastEasyApplication using Java 21.0.8 with PID 18444 (C:\Users\MSI\Desktop\pakege-take\springboot\target\classes started by 花菜菜 in C:\Users\MSI\Desktop\pakege-take)
16:57:24.377 [main] INFO  c.f.fastEasyApplication - [logStartupProfileInfo,658] - The following 1 profile is active: "druid"
16:57:25.349 [main] INFO  o.a.c.h.Http11NioProtocol - [log,168] - Initializing ProtocolHandler ["http-nio-8080"]
16:57:25.350 [main] INFO  o.a.c.c.StandardService - [log,168] - Starting service [Tomcat]
16:57:25.350 [main] INFO  o.a.c.c.StandardEngine - [log,168] - Starting Servlet engine: [Apache Tomcat/10.1.50]
16:57:25.390 [main] INFO  o.a.c.c.C.[.[.[/] - [log,168] - Initializing Spring embedded WebApplicationContext
16:57:25.500 [main] INFO  c.a.d.s.b.a.DruidDataSourceAutoConfigure - [dataSource,68] - Init DruidDataSource
16:57:25.560 [main] INFO  c.a.d.p.DruidDataSource - [init,1002] - {dataSource-1} inited
16:57:26.397 [main] INFO  o.a.c.h.Http11NioProtocol - [log,168] - Starting ProtocolHandler ["http-nio-8080"]
16:57:26.431 [main] INFO  c.f.fastEasyApplication - [logStarted,59] - Started fastEasyApplication in 2.409 seconds (process running for 3.157)
16:57:32.323 [http-nio-8080-exec-1] INFO  o.a.c.c.C.[.[.[/] - [log,168] - Initializing Spring DispatcherServlet 'dispatcherServlet'
18:12:36.541 [SpringApplicationShutdownHook] INFO  c.a.d.p.DruidDataSource - [close,2204] - {dataSource-1} closing ...
18:12:36.549 [SpringApplicationShutdownHook] INFO  c.a.d.p.DruidDataSource - [close,2277] - {dataSource-1} closed
